<?xml version="1.0" encoding="UTF-8"?>
<!-- Generated by org.testng.reporters.JUnitXMLReporter -->
<testsuite hostname="URMILA-PC" name="Test" tests="4" failures="1" timestamp="4 Aug 2020 06:31:31 GMT" time="208.053" errors="0">
  <testcase name="runScenario" time="56.37" classname="testRunner.MainRunner"/>
  <testcase name="runScenario" time="54.765" classname="testRunner.MainRunner">
    <skipped/>
  </testcase> <!-- runScenario -->
  <testcase name="runScenario" time="60.409" classname="testRunner.MainRunner">
    <failure type="java.lang.AssertionError" message="expected:&amp;lt;Your store. Login&amp;gt; but was:&amp;lt;Dashboard / nopCommerce administration&amp;gt;">
      <![CDATA[java.lang.AssertionError: expected:<Your store. Login> but was:<Dashboard / nopCommerce administration>
	at stepDefinations.LoginStepDefination.user_should_be_taken_to_the_successful_login_page(LoginStepDefination.java:63)
	at ✽.User should be taken to the successful login page(file:///E:/Automation/Automation%20Workspace/WS_finsys/Cucumber_Framework/Features/login.feature:8)
... Removed 2 stack frames]]>
    </failure>
  </testcase> <!-- runScenario -->
  <testcase name="runScenario" time="27.572" classname="testRunner.MainRunner">
    <failure type="java.lang.AssertionError" message="expected:&amp;lt;Your store. Login&amp;gt; but was:&amp;lt;Dashboard / nopCommerce administration&amp;gt;">
      <![CDATA[java.lang.AssertionError: expected:<Your store. Login> but was:<Dashboard / nopCommerce administration>
	at stepDefinations.LoginStepDefination.user_should_be_taken_to_the_successful_login_page(LoginStepDefination.java:63)
	at ✽.User should be taken to the successful login page(file:///E:/Automation/Automation%20Workspace/WS_finsys/Cucumber_Framework/Features/login.feature:8)
... Removed 2 stack frames]]>
    </failure>
  </testcase> <!-- runScenario -->
</testsuite> <!-- Test -->
