<html>
<head>
<title>TestNG:  Test</title>
<link href="../testng.css" rel="stylesheet" type="text/css" />
<link href="../my-testng.css" rel="stylesheet" type="text/css" />

<style type="text/css">
.log { display: none;} 
.stack-trace { display: none;} 
</style>
<script type="text/javascript">
<!--
function flip(e) {
  current = e.style.display;
  if (current == 'block') {
    e.style.display = 'none';
    return 0;
  }
  else {
    e.style.display = 'block';
    return 1;
  }
}

function toggleBox(szDivId, elem, msg1, msg2)
{
  var res = -1;  if (document.getElementById) {
    res = flip(document.getElementById(szDivId));
  }
  else if (document.all) {
    // this is the way old msie versions work
    res = flip(document.all[szDivId]);
  }
  if(elem) {
    if(res == 0) elem.innerHTML = msg1; else elem.innerHTML = msg2;
  }

}

function toggleAllBoxes() {
  if (document.getElementsByTagName) {
    d = document.getElementsByTagName('div');
    for (i = 0; i < d.length; i++) {
      if (d[i].className == 'log') {
        flip(d[i]);
      }
    }
  }
}

// -->
</script>

</head>
<body>
<h2 align='center'>Test</h2><table border='1' align="center">
<tr>
<td>Tests passed/Failed/Skipped:</td><td>1/2/0</td>
</tr><tr>
<td>Started on:</td><td>Tue Aug 04 11:58:02 IST 2020</td>
</tr>
<tr><td>Total time:</td><td>208 seconds (208053 ms)</td>
</tr><tr>
<td>Included groups:</td><td></td>
</tr><tr>
<td>Excluded groups:</td><td></td>
</tr>
</table><p/>
<small><i>(Hover the method name to see the test class name)</i></small><p/>
<table width='100%' border='1' class='invocation-failed'>
<tr><td colspan='4' align='center'><b>FAILED TESTS</b></td></tr>
<tr><td><b>Test method</b></td>
<td width="30%"><b>Exception</b></td>
<td width="10%"><b>Time (seconds)</b></td>
<td><b>Instance</b></td>
</tr>
<tr>
<td title='testRunner.MainRunner.runScenario()'><b>runScenario</b><br>Test class: testRunner.MainRunner<br>Test method: Runs Cucumber Scenarios<br>Parameters: "Login into account with correct details", "Optional[login]"</td>
<td><div><pre>java.lang.AssertionError: expected:&lt;Your store. Login&gt; but was:&lt;Dashboard / nopCommerce administration&gt;
	at stepDefinations.LoginStepDefination.user_should_be_taken_to_the_successful_login_page(LoginStepDefination.java:63)
	at ?.User should be taken to the successful login page(file:///E:/Automation/Automation%20Workspace/WS_finsys/Cucumber_Framework/Features/login.feature:8)
... Removed 2 stack frames</pre></div><a href='#' onClick='toggleBox("stack-trace28986886", this, "Click to show all stack frames", "Click to hide stack frames")'>Click to show all stack frames</a>
<div class='stack-trace' id='stack-trace28986886'><pre>java.lang.AssertionError: expected:&lt;Your store. Login&gt; but was:&lt;Dashboard / nopCommerce administration&gt;
	at org.testng.AssertJUnit.assertEquals(AssertJUnit.java:101)
	at org.testng.AssertJUnit.assertEquals(AssertJUnit.java:108)
	at stepDefinations.LoginStepDefination.user_should_be_taken_to_the_successful_login_page(LoginStepDefination.java:63)
	at ?.User should be taken to the successful login page(file:///E:/Automation/Automation%20Workspace/WS_finsys/Cucumber_Framework/Features/login.feature:8)
</pre></div></td>
<td>27</td>
<td>testRunner.MainRunner@cb8df7</td></tr>
</table><p>
<table width='100%' border='1' class='invocation-passed'>
<tr><td colspan='4' align='center'><b>PASSED TESTS</b></td></tr>
<tr><td><b>Test method</b></td>
<td width="30%"><b>Exception</b></td>
<td width="10%"><b>Time (seconds)</b></td>
<td><b>Instance</b></td>
</tr>
<tr>
<td title='testRunner.MainRunner.runScenario()'><b>runScenario</b><br>Test class: testRunner.MainRunner<br>Test method: Runs Cucumber Scenarios<br>Parameters: "Login into account with correct details", "Optional[login]"</td>
<td></td>
<td>56</td>
<td>testRunner.MainRunner@cb8df7</td></tr>
</table><p>
<table width='100%' border='1' class='invocation-skipped'>
<tr><td colspan='4' align='center'><b>SKIPPED TESTS</b></td></tr>
<tr><td><b>Test method</b></td>
<td width="30%"><b>Exception</b></td>
<td width="10%"><b>Time (seconds)</b></td>
<td><b>Instance</b></td>
</tr>
<tr>
<td title='testRunner.MainRunner.runScenario()'><b>runScenario</b><br>Test class: testRunner.MainRunner<br>Test method: Runs Cucumber Scenarios<br>Parameters: "Login into account with correct details", "Optional[login]"</td>
<td><div><pre>java.lang.AssertionError: expected:&lt;Your store. Login&gt; but was:&lt;Dashboard / nopCommerce administration&gt;
	at stepDefinations.LoginStepDefination.user_should_be_taken_to_the_successful_login_page(LoginStepDefination.java:63)
	at ?.User should be taken to the successful login page(file:///E:/Automation/Automation%20Workspace/WS_finsys/Cucumber_Framework/Features/login.feature:8)
... Removed 2 stack frames</pre></div><a href='#' onClick='toggleBox("stack-trace9241679", this, "Click to show all stack frames", "Click to hide stack frames")'>Click to show all stack frames</a>
<div class='stack-trace' id='stack-trace9241679'><pre>java.lang.AssertionError: expected:&lt;Your store. Login&gt; but was:&lt;Dashboard / nopCommerce administration&gt;
	at org.testng.AssertJUnit.assertEquals(AssertJUnit.java:101)
	at org.testng.AssertJUnit.assertEquals(AssertJUnit.java:108)
	at stepDefinations.LoginStepDefination.user_should_be_taken_to_the_successful_login_page(LoginStepDefination.java:63)
	at ?.User should be taken to the successful login page(file:///E:/Automation/Automation%20Workspace/WS_finsys/Cucumber_Framework/Features/login.feature:8)
</pre></div></td>
<td>54</td>
<td>testRunner.MainRunner@cb8df7</td></tr>
<tr>
<td title='testRunner.MainRunner.runScenario()'><b>runScenario</b><br>Test class: testRunner.MainRunner<br>Test method: Runs Cucumber Scenarios<br>Parameters: "Login into account with correct details", "Optional[login]"</td>
<td><div><pre>java.lang.AssertionError: expected:&lt;Your store. Login&gt; but was:&lt;Dashboard / nopCommerce administration&gt;
	at stepDefinations.LoginStepDefination.user_should_be_taken_to_the_successful_login_page(LoginStepDefination.java:63)
	at ?.User should be taken to the successful login page(file:///E:/Automation/Automation%20Workspace/WS_finsys/Cucumber_Framework/Features/login.feature:8)
... Removed 2 stack frames</pre></div><a href='#' onClick='toggleBox("stack-trace20016954", this, "Click to show all stack frames", "Click to hide stack frames")'>Click to show all stack frames</a>
<div class='stack-trace' id='stack-trace20016954'><pre>java.lang.AssertionError: expected:&lt;Your store. Login&gt; but was:&lt;Dashboard / nopCommerce administration&gt;
	at org.testng.AssertJUnit.assertEquals(AssertJUnit.java:101)
	at org.testng.AssertJUnit.assertEquals(AssertJUnit.java:108)
	at stepDefinations.LoginStepDefination.user_should_be_taken_to_the_successful_login_page(LoginStepDefination.java:63)
	at ?.User should be taken to the successful login page(file:///E:/Automation/Automation%20Workspace/WS_finsys/Cucumber_Framework/Features/login.feature:8)
</pre></div></td>
<td>60</td>
<td>testRunner.MainRunner@cb8df7</td></tr>
</table><p>
</body>
</html>