<?xml version="1.0" encoding="UTF-8"?>
<testng-results skipped="0" failed="2" total="3" passed="1">
  <reporter-output>
  </reporter-output>
  <suite name="Suite" duration-ms="208053" started-at="2020-08-04T06:28:02Z" finished-at="2020-08-04T06:31:30Z">
    <groups>
      <group name="cucumber">
        <method signature="AbstractTestNGCucumberTests.runScenario(io.cucumber.testng.PickleWrapper, io.cucumber.testng.FeatureWrapper)[pri:0, instance:testRunner.MainRunner@cb8df7]" name="runScenario" class="io.cucumber.testng.AbstractTestNGCucumberTests"/>
      </group> <!-- cucumber -->
    </groups>
    <test name="Test" duration-ms="208053" started-at="2020-08-04T06:28:02Z" finished-at="2020-08-04T06:31:30Z">
      <class name="testRunner.MainRunner">
        <test-method status="PASS" signature="setUpClass()[pri:0, instance:testRunner.MainRunner@cb8df7]" name="setUpClass" is-config="true" duration-ms="1768" started-at="2020-08-04T11:58:02Z" finished-at="2020-08-04T11:58:04Z">
          <reporter-output>
          </reporter-output>
        </test-method> <!-- setUpClass -->
        <test-method status="PASS" signature="runScenario(io.cucumber.testng.PickleWrapper, io.cucumber.testng.FeatureWrapper)[pri:0, instance:testRunner.MainRunner@cb8df7]" name="runScenario" duration-ms="56370" started-at="2020-08-04T11:58:04Z" description="Runs Cucumber Scenarios" data-provider="scenarios" finished-at="2020-08-04T11:59:00Z">
          <params>
            <param index="0">
              <value>
                <![CDATA["Login into account with correct details"]]>
              </value>
            </param>
            <param index="1">
              <value>
                <![CDATA["Optional[login]"]]>
              </value>
            </param>
          </params>
          <reporter-output>
          </reporter-output>
        </test-method> <!-- runScenario -->
        <test-method status="FAIL" signature="runScenario(io.cucumber.testng.PickleWrapper, io.cucumber.testng.FeatureWrapper)[pri:0, instance:testRunner.MainRunner@cb8df7]" name="runScenario" duration-ms="60409" started-at="2020-08-04T11:59:55Z" description="Runs Cucumber Scenarios" data-provider="scenarios" finished-at="2020-08-04T12:00:55Z">
          <params>
            <param index="0">
              <value>
                <![CDATA["Login into account with correct details"]]>
              </value>
            </param>
            <param index="1">
              <value>
                <![CDATA["Optional[login]"]]>
              </value>
            </param>
          </params>
          <exception class="java.lang.AssertionError">
            <message>
              <![CDATA[expected:<Your store. Login> but was:<Dashboard / nopCommerce administration>]]>
            </message>
            <full-stacktrace>
              <![CDATA[java.lang.AssertionError: expected:<Your store. Login> but was:<Dashboard / nopCommerce administration>
	at org.testng.AssertJUnit.assertEquals(AssertJUnit.java:101)
	at org.testng.AssertJUnit.assertEquals(AssertJUnit.java:108)
	at stepDefinations.LoginStepDefination.user_should_be_taken_to_the_successful_login_page(LoginStepDefination.java:63)
	at ?.User should be taken to the successful login page(file:///E:/Automation/Automation%20Workspace/WS_finsys/Cucumber_Framework/Features/login.feature:8)
]]>
            </full-stacktrace>
          </exception> <!-- java.lang.AssertionError -->
          <reporter-output>
          </reporter-output>
        </test-method> <!-- runScenario -->
        <test-method status="FAIL" signature="runScenario(io.cucumber.testng.PickleWrapper, io.cucumber.testng.FeatureWrapper)[pri:0, instance:testRunner.MainRunner@cb8df7]" name="runScenario" duration-ms="27572" started-at="2020-08-04T12:00:55Z" description="Runs Cucumber Scenarios" data-provider="scenarios" finished-at="2020-08-04T12:01:23Z">
          <params>
            <param index="0">
              <value>
                <![CDATA["Login into account with correct details"]]>
              </value>
            </param>
            <param index="1">
              <value>
                <![CDATA["Optional[login]"]]>
              </value>
            </param>
          </params>
          <exception class="java.lang.AssertionError">
            <message>
              <![CDATA[expected:<Your store. Login> but was:<Dashboard / nopCommerce administration>]]>
            </message>
            <full-stacktrace>
              <![CDATA[java.lang.AssertionError: expected:<Your store. Login> but was:<Dashboard / nopCommerce administration>
	at org.testng.AssertJUnit.assertEquals(AssertJUnit.java:101)
	at org.testng.AssertJUnit.assertEquals(AssertJUnit.java:108)
	at stepDefinations.LoginStepDefination.user_should_be_taken_to_the_successful_login_page(LoginStepDefination.java:63)
	at ?.User should be taken to the successful login page(file:///E:/Automation/Automation%20Workspace/WS_finsys/Cucumber_Framework/Features/login.feature:8)
]]>
            </full-stacktrace>
          </exception> <!-- java.lang.AssertionError -->
          <reporter-output>
          </reporter-output>
        </test-method> <!-- runScenario -->
        <test-method status="PASS" signature="tearDownClass()[pri:0, instance:testRunner.MainRunner@cb8df7]" name="tearDownClass" is-config="true" duration-ms="2441" started-at="2020-08-04T12:01:28Z" finished-at="2020-08-04T12:01:30Z">
          <reporter-output>
          </reporter-output>
        </test-method> <!-- tearDownClass -->
      </class> <!-- testRunner.MainRunner -->
    </test> <!-- Test -->
  </suite> <!-- Suite -->
</testng-results>
